    "O!uve  000000000000000000000000001228D4  77778888000022224444DDDDDDDDEEEE00000000CCCC7777DDDD
    ^3CO],  0000000000000000000000000158C5C5  5555AAAA9999EEEE888822229999CCCCDDDD6666555544442222
   !&S3/]]  00000000000000000000000002145D78  8888BBBBDDDD1111CCCC55556666BBBB1111EEEEDDDD22229999
   !,=U#,9  000000000000000000000000019072E3  33332222FFFFBBBB0000FFFFAAAA666655553333DDDD3333CCCC
   &&!epOj  00000000000000000000000001CBB42E  2222BBBB2222FFFFFFFFFFFFCCCC555566666666777700003333
   'AJ;hL;  00000000000000000000000001FBD93E  FFFFFFFF66669999FFFF44446666222233330000BBBB33333333
   (VcS$Pz  00000000000000000000000000A9F516  8888AAAA7777BBBB7777AAAA6666DDDDEEEE9999BBBBBBBBBBBB
   ,K4a-:v  000000000000000000000000001B8132  5555EEEE888899994444FFFF1111CCCCEEEE1111EEEE6666FFFF
   .FuD\}u  00000000000000000000000000797631  5555DDDDBBBB000077772222111122224444DDDDDDDD99996666
   2;oEW+S  000000000000000000000000020D0B5F  00001111000000007777000022223333AAAA4444CCCCAAAA0000


~~~nt=ZH[N  00000000000000000000000000332A13  44441111BBBBBBBB33337777FFFF44445555555533330000CCCC
~~~o)};EXo  00000000000000000000000001984704  BBBBDDDD55554444FFFF999955553333AAAABBBBEEEE8888DDDD
~~~p2(IR`|  00000000000000000000000001D86C98  CCCCDDDD1111AAAAEEEE888855559999DDDD7777DDDD88889999
~~~ruROgur  00000000000000000000000001E87D8A  BBBBEEEE22222222BBBBAAAA55551111FFFF99995555FFFF7777
~~~s/Pq,-E  000000000000000000000000006BE930  2222DDDDDDDD77771111EEEECCCC7777BBBB4444888811111111
~~~sf&V`wv  000000000000000000000000015B2E94  6666BBBB1111EEEEEEEE5555CCCCDDDD55555555BBBBBBBBDDDD
~~~yKOl:gE  00000000000000000000000002048B4F  CCCC11114444888822226666BBBB888855557777EEEEBBBB0000
~~~zbA_ Tt  000000000000000000000000007F9F4F  BBBBCCCC666655559999FFFF8888AAAA11116666AAAABBBB0000
~~~zeO^FEg  00000000000000000000000001E06130  4444CCCCBBBB99992222888855558888CCCCFFFF000011111111
~~~}GxjWHI  00000000000000000000000000CA1345  777711118888AAAAAAAA22221111BBBB00002222BBBBCCCC2222